Frontend/build/app/intermediates/manifest_merge_blame_file/debug/processDebugMainManifest/manifest-merger-blame-debug-report.txt
1<?xml version="1.0" encoding="utf-8"?>
2<manifest xmlns:android="http://schemas.android.com/apk/res/android"
3    package="com.example.my_first_app"
4    android:versionCode="1"
5    android:versionName="0.1.0" >
6
7    <uses-sdk
8        android:minSdkVersion="21"
9        android:targetSdkVersion="35" />
10    <!--
11         The INTERNET permission is required for development. Specifically,
12         the Flutter tool needs it to communicate with the running application
13         to allow setting breakpoints, to provide hot reload, etc.
14    -->
15    <uses-permission android:name="android.permission.INTERNET" />
15-->src\debug\AndroidManifest.xml:6:5-66
15-->src\debug\AndroidManifest.xml:6:22-64
16    <!--
17     Required to query activities that can process text, see:
18         https://developer.android.com/training/package-visibility and
19         https://developer.android.com/reference/android/content/Intent#ACTION_PROCESS_TEXT.
20
21         In particular, this is used by the Flutter engine in io.flutter.plugin.text.ProcessTextPlugin.
22    -->
23    <queries>
23-->src\main\AndroidManifest.xml:56:5-61:15
24        <intent>
24-->src\main\AndroidManifest.xml:57:9-60:18
25            <action android:name="android.intent.action.PROCESS_TEXT" />
25-->src\main\AndroidManifest.xml:58:13-72
25-->src\main\AndroidManifest.xml:58:21-70
26
27            <data android:mimeType="text/plain" />
27-->src\main\AndroidManifest.xml:59:13-50
27-->src\main\AndroidManifest.xml:59:19-48
28        </intent>
29
30        <package android:name="com.kakao.talk" />
30-->[:kakao_flutter_sdk_common] AndroidManifest.xml:8:9-50
30-->[:kakao_flutter_sdk_common] AndroidManifest.xml:8:18-47
31        <package android:name="com.kakao.talk.alpha" />
31-->[:kakao_flutter_sdk_common] AndroidManifest.xml:9:9-56
31-->[:kakao_flutter_sdk_common] AndroidManifest.xml:9:18-53
32        <package android:name="com.kakao.talk.sandbox" />
32-->[:kakao_flutter_sdk_common] AndroidManifest.xml:10:9-58
32-->[:kakao_flutter_sdk_common] AndroidManifest.xml:10:18-55
33        <package android:name="com.kakao.onetalk" />
33-->[:kakao_flutter_sdk_common] AndroidManifest.xml:11:9-53
33-->[:kakao_flutter_sdk_common] AndroidManifest.xml:11:18-50
34        <package android:name="com.locnall.KimGiSa" />
34-->[:kakao_flutter_sdk_common] AndroidManifest.xml:12:9-55
34-->[:kakao_flutter_sdk_common] AndroidManifest.xml:12:18-52
35        <package android:name="com.lguplus.navi" />
35-->[:kakao_flutter_sdk_common] AndroidManifest.xml:13:9-52
35-->[:kakao_flutter_sdk_common] AndroidManifest.xml:13:18-49
36
37        <intent>
37-->[:kakao_flutter_sdk_common] AndroidManifest.xml:15:9-21:18
38            <action android:name="android.intent.action.VIEW" />
38-->[:kakao_flutter_sdk_common] AndroidManifest.xml:16:13-65
38-->[:kakao_flutter_sdk_common] AndroidManifest.xml:16:21-62
39
40            <category android:name="android.intent.category.BROWSABLE" />
40-->[:kakao_flutter_sdk_common] AndroidManifest.xml:18:13-74
40-->[:kakao_flutter_sdk_common] AndroidManifest.xml:18:23-71
41
42            <data android:scheme="https" />
42-->src\main\AndroidManifest.xml:59:13-50
43        </intent>
44    </queries>
45
46    <permission
46-->[androidx.core:core:1.13.1] AndroidManifest.xml:22:5-24:47
47        android:name="com.example.my_first_app.DYNAMIC_RECEIVER_NOT_EXPORTED_PERMISSION"
47-->[androidx.core:core:1.13.1] AndroidManifest.xml:23:9-81
48        android:protectionLevel="signature" />
48-->[androidx.core:core:1.13.1] AndroidManifest.xml:24:9-44
49
50    <uses-permission android:name="com.example.my_first_app.DYNAMIC_RECEIVER_NOT_EXPORTED_PERMISSION" />
50-->[androidx.core:core:1.13.1] AndroidManifest.xml:26:5-97
50-->[androidx.core:core:1.13.1] AndroidManifest.xml:26:22-94
51
52    <application
53        android:name="android.app.Application"
54        android:appComponentFactory="androidx.core.app.CoreComponentFactory"
54-->[androidx.core:core:1.13.1] AndroidManifest.xml:28:18-86
55        android:debuggable="true"
56        android:extractNativeLibs="true"
57        android:icon="@mipmap/ic_launcher"
58        android:label="my_first_app" >
59
60        <!-- 카카오 로그인 커스텀 URL 스킴 설정 -->
61        <activity
62            android:name="com.kakao.sdk.flutter.AuthCodeCustomTabsActivity"
63            android:exported="true"
64            android:launchMode="singleTask"
64-->[:kakao_flutter_sdk_common] AndroidManifest.xml:39:13-44
65            android:theme="@style/TransparentCompat" >
65-->[:kakao_flutter_sdk_common] AndroidManifest.xml:40:13-53
66            <intent-filter android:label="flutter_web_auth" >
67                <action android:name="android.intent.action.VIEW" />
67-->[:kakao_flutter_sdk_common] AndroidManifest.xml:16:13-65
67-->[:kakao_flutter_sdk_common] AndroidManifest.xml:16:21-62
68
69                <category android:name="android.intent.category.DEFAULT" />
70                <category android:name="android.intent.category.BROWSABLE" />
70-->[:kakao_flutter_sdk_common] AndroidManifest.xml:18:13-74
70-->[:kakao_flutter_sdk_common] AndroidManifest.xml:18:23-71
71
72                <!-- "kakao${YOUR_NATIVE_APP_KEY}://oauth" 형식의 앱 실행 스킴 설정 -->
73                <!-- 카카오 로그인 Redirect URI -->
74                <data
74-->src\main\AndroidManifest.xml:59:13-50
75                    android:host="oauth"
76                    android:scheme="kakaoef3028b9dc536eb61cf3427ad87a804e" />
77                <!-- github 업로드 시, .env 파일로 따로 관리하기 -> native app key -->
78                <!-- URL : https://developers.kakao.com/console/app/1224657/config/appKey -->
79            </intent-filter>
80        </activity>
81        <activity
82            android:name="com.example.my_first_app.MainActivity"
83            android:configChanges="orientation|keyboardHidden|keyboard|screenSize|smallestScreenSize|locale|layoutDirection|fontScale|screenLayout|density|uiMode"
84            android:exported="true"
85            android:hardwareAccelerated="true"
86            android:launchMode="singleTop"
87            android:taskAffinity=""
88            android:theme="@style/LaunchTheme"
89            android:windowSoftInputMode="adjustResize" >
90
91            <!--
92                 Specifies an Android theme to apply to this Activity as soon as
93                 the Android process has started. This theme is visible to the user
94                 while the Flutter UI initializes. After that, this theme continues
95                 to determine the Window background behind the Flutter UI.
96            -->
97            <meta-data
98                android:name="io.flutter.embedding.android.NormalTheme"
99                android:resource="@style/NormalTheme" />
100
101            <intent-filter>
102                <action android:name="android.intent.action.MAIN" />
103
104                <category android:name="android.intent.category.LAUNCHER" />
105            </intent-filter>
106        </activity>
107        <!--
108             Don't delete the meta-data below.
109             This is used by the Flutter tool to generate GeneratedPluginRegistrant.java
110        -->
111        <meta-data
112            android:name="flutterEmbedding"
113            android:value="2" />
114
115        <activity
115-->[:kakao_flutter_sdk_common] AndroidManifest.xml:25:9-30:56
116            android:name="com.kakao.sdk.flutter.TalkAuthCodeActivity"
116-->[:kakao_flutter_sdk_common] AndroidManifest.xml:26:13-70
117            android:configChanges="orientation|screenSize|keyboardHidden|uiMode"
117-->[:kakao_flutter_sdk_common] AndroidManifest.xml:27:13-81
118            android:exported="false"
118-->[:kakao_flutter_sdk_common] AndroidManifest.xml:28:13-37
119            android:launchMode="singleTask"
119-->[:kakao_flutter_sdk_common] AndroidManifest.xml:29:13-44
120            android:theme="@style/TransparentCompat" />
120-->[:kakao_flutter_sdk_common] AndroidManifest.xml:30:13-53
121        <activity
121-->[:kakao_flutter_sdk_common] AndroidManifest.xml:31:9-35:56
122            android:name="com.kakao.sdk.flutter.CustomTabsActivity"
122-->[:kakao_flutter_sdk_common] AndroidManifest.xml:32:13-68
123            android:exported="true"
123-->[:kakao_flutter_sdk_common] AndroidManifest.xml:33:13-36
124            android:launchMode="singleTask"
124-->[:kakao_flutter_sdk_common] AndroidManifest.xml:34:13-44
125            android:theme="@style/TransparentCompat" />
125-->[:kakao_flutter_sdk_common] AndroidManifest.xml:35:13-53
126        <activity
126-->[:kakao_flutter_sdk_common] AndroidManifest.xml:41:9-45:56
127            android:name="com.kakao.sdk.flutter.FollowChannelHandlerActivity"
127-->[:kakao_flutter_sdk_common] AndroidManifest.xml:42:13-78
128            android:exported="true"
128-->[:kakao_flutter_sdk_common] AndroidManifest.xml:43:13-36
129            android:launchMode="singleTask"
129-->[:kakao_flutter_sdk_common] AndroidManifest.xml:44:13-44
130            android:theme="@style/TransparentCompat" />
130-->[:kakao_flutter_sdk_common] AndroidManifest.xml:45:13-53
131        <activity
131-->[:kakao_flutter_sdk_common] AndroidManifest.xml:46:9-50:56
132            android:name="com.kakao.sdk.flutter.AppsHandlerActivity"
132-->[:kakao_flutter_sdk_common] AndroidManifest.xml:47:13-69
133            android:exported="true"
133-->[:kakao_flutter_sdk_common] AndroidManifest.xml:48:13-36
134            android:launchMode="singleTask"
134-->[:kakao_flutter_sdk_common] AndroidManifest.xml:49:13-44
135            android:theme="@style/TransparentCompat" />
135-->[:kakao_flutter_sdk_common] AndroidManifest.xml:50:13-53
136
137        <service
137-->[:firebase_core] AndroidManifest.xml:8:9-12:19
138            android:name="com.google.firebase.components.ComponentDiscoveryService"
138-->[:firebase_core] AndroidManifest.xml:8:18-89
139            android:directBootAware="true"
139-->[com.google.firebase:firebase-common:21.0.0] AndroidManifest.xml:32:13-43
140            android:exported="false" >
140-->[com.google.firebase:firebase-common:21.0.0] AndroidManifest.xml:33:13-37
141            <meta-data
141-->[:firebase_core] AndroidManifest.xml:9:13-11:85
142                android:name="com.google.firebase.components:io.flutter.plugins.firebase.core.FlutterFirebaseCoreRegistrar"
142-->[:firebase_core] AndroidManifest.xml:10:17-124
143                android:value="com.google.firebase.components.ComponentRegistrar" />
143-->[:firebase_core] AndroidManifest.xml:11:17-82
144            <meta-data
144-->[com.google.firebase:firebase-common:21.0.0] AndroidManifest.xml:35:13-37:85
145                android:name="com.google.firebase.components:com.google.firebase.FirebaseCommonKtxRegistrar"
145-->[com.google.firebase:firebase-common:21.0.0] AndroidManifest.xml:36:17-109
146                android:value="com.google.firebase.components.ComponentRegistrar" />
146-->[com.google.firebase:firebase-common:21.0.0] AndroidManifest.xml:37:17-82
147        </service>
148
149        <provider
149-->[com.google.firebase:firebase-common:21.0.0] AndroidManifest.xml:23:9-28:39
150            android:name="com.google.firebase.provider.FirebaseInitProvider"
150-->[com.google.firebase:firebase-common:21.0.0] AndroidManifest.xml:24:13-77
151            android:authorities="com.example.my_first_app.firebaseinitprovider"
151-->[com.google.firebase:firebase-common:21.0.0] AndroidManifest.xml:25:13-72
152            android:directBootAware="true"
152-->[com.google.firebase:firebase-common:21.0.0] AndroidManifest.xml:26:13-43
153            android:exported="false"
153-->[com.google.firebase:firebase-common:21.0.0] AndroidManifest.xml:27:13-37
154            android:initOrder="100" />
154-->[com.google.firebase:firebase-common:21.0.0] AndroidManifest.xml:28:13-36
155
156        <uses-library
156-->[androidx.window:window:1.2.0] AndroidManifest.xml:23:9-25:40
157            android:name="androidx.window.extensions"
157-->[androidx.window:window:1.2.0] AndroidManifest.xml:24:13-54
158            android:required="false" />
158-->[androidx.window:window:1.2.0] AndroidManifest.xml:25:13-37
159        <uses-library
159-->[androidx.window:window:1.2.0] AndroidManifest.xml:26:9-28:40
160            android:name="androidx.window.sidecar"
160-->[androidx.window:window:1.2.0] AndroidManifest.xml:27:13-51
161            android:required="false" />
161-->[androidx.window:window:1.2.0] AndroidManifest.xml:28:13-37
162
163        <meta-data
163-->[com.google.android.gms:play-services-basement:18.3.0] AndroidManifest.xml:21:9-23:69
164            android:name="com.google.android.gms.version"
164-->[com.google.android.gms:play-services-basement:18.3.0] AndroidManifest.xml:22:13-58
165            android:value="@integer/google_play_services_version" />
165-->[com.google.android.gms:play-services-basement:18.3.0] AndroidManifest.xml:23:13-66
166
167        <provider
167-->[androidx.lifecycle:lifecycle-process:2.7.0] AndroidManifest.xml:24:9-32:20
168            android:name="androidx.startup.InitializationProvider"
168-->[androidx.lifecycle:lifecycle-process:2.7.0] AndroidManifest.xml:25:13-67
169            android:authorities="com.example.my_first_app.androidx-startup"
169-->[androidx.lifecycle:lifecycle-process:2.7.0] AndroidManifest.xml:26:13-68
170            android:exported="false" >
170-->[androidx.lifecycle:lifecycle-process:2.7.0] AndroidManifest.xml:27:13-37
171            <meta-data
171-->[androidx.lifecycle:lifecycle-process:2.7.0] AndroidManifest.xml:29:13-31:52
172                android:name="androidx.lifecycle.ProcessLifecycleInitializer"
172-->[androidx.lifecycle:lifecycle-process:2.7.0] AndroidManifest.xml:30:17-78
173                android:value="androidx.startup" />
173-->[androidx.lifecycle:lifecycle-process:2.7.0] AndroidManifest.xml:31:17-49
174            <meta-data
174-->[androidx.profileinstaller:profileinstaller:1.3.1] AndroidManifest.xml:29:13-31:52
175                android:name="androidx.profileinstaller.ProfileInstallerInitializer"
175-->[androidx.profileinstaller:profileinstaller:1.3.1] AndroidManifest.xml:30:17-85
176                android:value="androidx.startup" />
176-->[androidx.profileinstaller:profileinstaller:1.3.1] AndroidManifest.xml:31:17-49
177        </provider>
178
179        <receiver
179-->[androidx.profileinstaller:profileinstaller:1.3.1] AndroidManifest.xml:34:9-52:20
180            android:name="androidx.profileinstaller.ProfileInstallReceiver"
180-->[androidx.profileinstaller:profileinstaller:1.3.1] AndroidManifest.xml:35:13-76
181            android:directBootAware="false"
181-->[androidx.profileinstaller:profileinstaller:1.3.1] AndroidManifest.xml:36:13-44
182            android:enabled="true"
182-->[androidx.profileinstaller:profileinstaller:1.3.1] AndroidManifest.xml:37:13-35
183            android:exported="true"
183-->[androidx.profileinstaller:profileinstaller:1.3.1] AndroidManifest.xml:38:13-36
184            android:permission="android.permission.DUMP" >
184-->[androidx.profileinstaller:profileinstaller:1.3.1] AndroidManifest.xml:39:13-57
185            <intent-filter>
185-->[androidx.profileinstaller:profileinstaller:1.3.1] AndroidManifest.xml:40:13-42:29
186                <action android:name="androidx.profileinstaller.action.INSTALL_PROFILE" />
186-->[androidx.profileinstaller:profileinstaller:1.3.1] AndroidManifest.xml:41:17-91
186-->[androidx.profileinstaller:profileinstaller:1.3.1] AndroidManifest.xml:41:25-88
187            </intent-filter>
188            <intent-filter>
188-->[androidx.profileinstaller:profileinstaller:1.3.1] AndroidManifest.xml:43:13-45:29
189                <action android:name="androidx.profileinstaller.action.SKIP_FILE" />
189-->[androidx.profileinstaller:profileinstaller:1.3.1] AndroidManifest.xml:44:17-85
189-->[androidx.profileinstaller:profileinstaller:1.3.1] AndroidManifest.xml:44:25-82
190            </intent-filter>
191            <intent-filter>
191-->[androidx.profileinstaller:profileinstaller:1.3.1] AndroidManifest.xml:46:13-48:29
192                <action android:name="androidx.profileinstaller.action.SAVE_PROFILE" />
192-->[androidx.profileinstaller:profileinstaller:1.3.1] AndroidManifest.xml:47:17-88
192-->[androidx.profileinstaller:profileinstaller:1.3.1] AndroidManifest.xml:47:25-85
193            </intent-filter>
194            <intent-filter>
194-->[androidx.profileinstaller:profileinstaller:1.3.1] AndroidManifest.xml:49:13-51:29
195                <action android:name="androidx.profileinstaller.action.BENCHMARK_OPERATION" />
195-->[androidx.profileinstaller:profileinstaller:1.3.1] AndroidManifest.xml:50:17-95
195-->[androidx.profileinstaller:profileinstaller:1.3.1] AndroidManifest.xml:50:25-92
196            </intent-filter>
197        </receiver>
198    </application>
199
200</manifest>